<?xml version="1.0" encoding="UTF-8"?>
<!-- Generated by org.testng.reporters.JUnitXMLReporter -->
<testsuite hostname="DESKTOP-SMT1AQL" name="SmokeScenario" tests="3" failures="0" timestamp="16 Dec 2016 16:38:24 GMT" time="30.814" errors="0">
  <testcase name="verifyTitle" time="0.243" classname="testcases.TestHomePage"/>
  <testcase name="logIn" time="6.894" classname="testcases.TestLogIn"/>
  <testcase name="verifyWishlistLogin" time="2.617" classname="testcases.TestWishlist"/>
</testsuite> <!-- SmokeScenario -->
